2025-12-25 15:24:09,398 - src.bot - INFO - Starting bot...
2025-12-25 15:24:10,244 - httpx - INFO - HTTP Request: POST https://api.telegram.org/bot8560072442:AAGL90VvqR_QerGBWfnoRfixDZGyx6ll_zQ/getMe "HTTP/1.1 200 OK"
2025-12-25 15:24:10,245 - telegram.ext.Application - INFO - Application started
2025-12-25 15:24:10,460 - httpx - INFO - HTTP Request: POST https://api.telegram.org/bot8560072442:AAGL90VvqR_QerGBWfnoRfixDZGyx6ll_zQ/deleteWebhook "HTTP/1.1 200 OK"
2025-12-25 15:24:11,167 - httpx - INFO - HTTP Request: POST https://api.telegram.org/bot8560072442:AAGL90VvqR_QerGBWfnoRfixDZGyx6ll_zQ/getUpdates "HTTP/1.1 200 OK"
2025-12-25 15:24:11,402 - httpx - INFO - HTTP Request: POST https://bot-api.zaloplatforms.com/bot3062169478129424535:ppNZFWlZuGXwAnEnXrBdjBljqsLfvhqQzFcQMgyZVrUDTJYjakBZqHYHqQqoATth/deleteWebhook "HTTP/1.1 200 OK"
2025-12-25 15:24:11,439 - httpx - INFO - HTTP Request: POST https://bot-api.zaloplatforms.com/bot3062169478129424535:ppNZFWlZuGXwAnEnXrBdjBljqsLfvhqQzFcQMgyZVrUDTJYjakBZqHYHqQqoATth/getMe "HTTP/1.1 200 OK"
2025-12-25 15:24:11,439 - src.zalo_bot - INFO - Zalo Bot connected: bot.LkBxVaZJ
2025-12-25 15:24:11,439 - src.zalo_bot - INFO - Zalo bot started polling...
2025-12-25 15:24:11,576 - httpx - INFO - HTTP Request: POST https://api.telegram.org/bot8560072442:AAGL90VvqR_QerGBWfnoRfixDZGyx6ll_zQ/sendChatAction "HTTP/1.1 200 OK"
2025-12-25 15:24:14,215 - httpx - INFO - HTTP Request: POST https://api.telegram.org/bot8560072442:AAGL90VvqR_QerGBWfnoRfixDZGyx6ll_zQ/sendMessage "HTTP/1.1 200 OK"
2025-12-25 15:24:14,662 - httpx - INFO - HTTP Request: POST https://api.telegram.org/bot8560072442:AAGL90VvqR_QerGBWfnoRfixDZGyx6ll_zQ/sendMessage "HTTP/1.1 200 OK"
2025-12-25 15:24:21,420 - httpx - INFO - HTTP Request: POST https://api.telegram.org/bot8560072442:AAGL90VvqR_QerGBWfnoRfixDZGyx6ll_zQ/getUpdates "HTTP/1.1 200 OK"
2025-12-25 15:24:31,646 - httpx - INFO - HTTP Request: POST https://api.telegram.org/bot8560072442:AAGL90VvqR_QerGBWfnoRfixDZGyx6ll_zQ/getUpdates "HTTP/1.1 200 OK"
2025-12-25 15:24:41,479 - httpx - INFO - HTTP Request: POST https://bot-api.zaloplatforms.com/bot3062169478129424535:ppNZFWlZuGXwAnEnXrBdjBljqsLfvhqQzFcQMgyZVrUDTJYjakBZqHYHqQqoATth/getUpdates "HTTP/1.1 200 OK"
2025-12-25 15:24:41,480 - src.zalo_bot - INFO - API response type: dict, content: {'ok': False, 'description': 'Request timeout', 'error_code': 408}
2025-12-25 15:24:41,853 - httpx - INFO - HTTP Request: POST https://api.telegram.org/bot8560072442:AAGL90VvqR_QerGBWfnoRfixDZGyx6ll_zQ/getUpdates "HTTP/1.1 200 OK"
2025-12-25 15:24:44,295 - httpx - INFO - HTTP Request: POST https://api.telegram.org/bot8560072442:AAGL90VvqR_QerGBWfnoRfixDZGyx6ll_zQ/getUpdates "HTTP/1.1 200 OK"
2025-12-25 15:24:45,198 - httpx - INFO - HTTP Request: POST https://api.telegram.org/bot8560072442:AAGL90VvqR_QerGBWfnoRfixDZGyx6ll_zQ/sendMessage "HTTP/1.1 200 OK"
2025-12-25 15:24:50,658 - httpx - INFO - HTTP Request: POST https://api.telegram.org/bot8560072442:AAGL90VvqR_QerGBWfnoRfixDZGyx6ll_zQ/getUpdates "HTTP/1.1 200 OK"
2025-12-25 15:24:51,567 - httpx - INFO - HTTP Request: POST https://api.telegram.org/bot8560072442:AAGL90VvqR_QerGBWfnoRfixDZGyx6ll_zQ/sendMessage "HTTP/1.1 200 OK"
2025-12-25 15:25:00,888 - httpx - INFO - HTTP Request: POST https://api.telegram.org/bot8560072442:AAGL90VvqR_QerGBWfnoRfixDZGyx6ll_zQ/getUpdates "HTTP/1.1 200 OK"
2025-12-25 15:25:05,232 - httpx - INFO - HTTP Request: POST https://bot-api.zaloplatforms.com/bot3062169478129424535:ppNZFWlZuGXwAnEnXrBdjBljqsLfvhqQzFcQMgyZVrUDTJYjakBZqHYHqQqoATth/getUpdates "HTTP/1.1 200 OK"
2025-12-25 15:25:05,232 - src.zalo_bot - INFO - API response type: dict, content: {'ok': True, 'result': {'message': {'chat': {'id': 'e4ea2cd5189df1c3a88c', 'chat_type': 'PRIVATE'}, 'text': '/link 0899813596', 'message_id': '39d9c86ffeb8a5e0fcaf', 'date': 1766651105021, 'from': {'i
2025-12-25 15:25:05,233 - src.zalo_bot - INFO - Zalo message from e4ea2cd5189df1c3a88c: /link 0899813596
2025-12-25 15:25:05,283 - httpx - INFO - HTTP Request: POST https://bot-api.zaloplatforms.com/bot3062169478129424535:ppNZFWlZuGXwAnEnXrBdjBljqsLfvhqQzFcQMgyZVrUDTJYjakBZqHYHqQqoATth/sendMessage "HTTP/1.1 200 OK"
2025-12-25 15:25:10,458 - httpx - INFO - HTTP Request: POST https://bot-api.zaloplatforms.com/bot3062169478129424535:ppNZFWlZuGXwAnEnXrBdjBljqsLfvhqQzFcQMgyZVrUDTJYjakBZqHYHqQqoATth/getUpdates "HTTP/1.1 200 OK"
2025-12-25 15:25:10,459 - src.zalo_bot - INFO - API response type: dict, content: {'ok': True, 'result': {'message': {'chat': {'id': 'e4ea2cd5189df1c3a88c', 'chat_type': 'PRIVATE'}, 'text': '/today', 'message_id': '5bdbfa30cae791bfc8f0', 'date': 1766651110248, 'from': {'id': 'e4ea2
2025-12-25 15:25:10,459 - src.zalo_bot - INFO - Zalo message from e4ea2cd5189df1c3a88c: /today
2025-12-25 15:25:10,510 - httpx - INFO - HTTP Request: POST https://bot-api.zaloplatforms.com/bot3062169478129424535:ppNZFWlZuGXwAnEnXrBdjBljqsLfvhqQzFcQMgyZVrUDTJYjakBZqHYHqQqoATth/sendMessage "HTTP/1.1 200 OK"
2025-12-25 15:25:11,110 - httpx - INFO - HTTP Request: POST https://api.telegram.org/bot8560072442:AAGL90VvqR_QerGBWfnoRfixDZGyx6ll_zQ/getUpdates "HTTP/1.1 200 OK"
2025-12-25 15:25:21,356 - httpx - INFO - HTTP Request: POST https://api.telegram.org/bot8560072442:AAGL90VvqR_QerGBWfnoRfixDZGyx6ll_zQ/getUpdates "HTTP/1.1 200 OK"
2025-12-25 15:25:31,565 - httpx - INFO - HTTP Request: POST https://api.telegram.org/bot8560072442:AAGL90VvqR_QerGBWfnoRfixDZGyx6ll_zQ/getUpdates "HTTP/1.1 200 OK"
2025-12-25 15:25:41,791 - httpx - INFO - HTTP Request: POST https://api.telegram.org/bot8560072442:AAGL90VvqR_QerGBWfnoRfixDZGyx6ll_zQ/getUpdates "HTTP/1.1 200 OK"
2025-12-25 15:25:52,017 - httpx - INFO - HTTP Request: POST https://api.telegram.org/bot8560072442:AAGL90VvqR_QerGBWfnoRfixDZGyx6ll_zQ/getUpdates "HTTP/1.1 200 OK"
2025-12-25 15:26:02,227 - httpx - INFO - HTTP Request: POST https://api.telegram.org/bot8560072442:AAGL90VvqR_QerGBWfnoRfixDZGyx6ll_zQ/getUpdates "HTTP/1.1 200 OK"
